<?xml version="1.0" encoding="UTF-8"?>
<!-- Generated by org.testng.reporters.JUnitReportReporter -->
<testsuite skipped="0" hostname="Suresh" name="testingAuto.homepagetest" tests="3" failures="0" timestamp="24 Feb 2019 07:38:57 GMT" time="28.345" errors="0">
  <testcase name="verfyTabs" time="0.085" classname="testingAuto.homepagetest"/>
  <testcase name="verfyNewsletter" time="6.888" classname="testingAuto.homepagetest"/>
  <testcase name="verfynavigate" time="21.372" classname="testingAuto.homepagetest"/>
</testsuite> <!-- testingAuto.homepagetest -->
